<?xml version="1.0" encoding="UTF-8"?>
<!-- Generated by org.testng.reporters.JUnitXMLReporter -->
<testsuite ignored="0" hostname="DESKTOP-1JEJOOG" failures="0" tests="5" name="Default test" time="419.709" errors="0" timestamp="2023-07-30T21:49:26 IST">
  <testcase classname="tests.MembersTest" name="member21" time="26.29"/>
  <testcase classname="tests.MembersTest" name="member22" time="29.292"/>
  <testcase classname="tests.MembersTest" name="member23" time="27.923"/>
  <testcase classname="tests.MembersTest" name="member24" time="33.256"/>
  <testcase classname="tests.MembersTest" name="member25" time="30.606"/>
</testsuite> <!-- Default test -->
