<?xml version="1.0" encoding="UTF-8"?>
<!-- Generated by org.testng.reporters.JUnitXMLReporter -->
<testsuite ignored="0" hostname="DESKTOP-1JEJOOG" failures="0" tests="24" name="tests" time="283.536" errors="0" timestamp="2023-07-20T11:13:54 IST">
  <testcase classname="tests.LoginTest" name="signin1" time="14.032"/>
  <testcase classname="tests.LoginTest" name="signin10" time="3.134"/>
  <testcase classname="tests.LoginTest" name="signin11" time="4.381"/>
  <testcase classname="tests.LoginTest" name="signin12" time="2.956"/>
  <testcase classname="tests.LoginTest" name="signin2" time="2.753"/>
  <testcase classname="tests.LoginTest" name="signin3" time="2.518"/>
  <testcase classname="tests.LoginTest" name="signin4" time="2.717"/>
  <testcase classname="tests.LoginTest" name="signin5" time="3.44"/>
  <testcase classname="tests.LoginTest" name="signin6" time="2.723"/>
  <testcase classname="tests.LoginTest" name="signin7" time="2.613"/>
  <testcase classname="tests.LoginTest" name="signin8" time="2.89"/>
  <testcase classname="tests.LoginTest" name="signin9" time="2.476"/>
  <testcase classname="tests.ForgotPassTest" name="forgot" time="3.033"/>
  <testcase classname="tests.ForgotPassTest" name="forgot1" time="3.532"/>
  <testcase classname="tests.ForgotPassTest" name="forgot2" time="2.665"/>
  <testcase classname="tests.ForgotPassTest" name="forgot3" time="2.376"/>
  <testcase classname="tests.ForgotPassTest" name="forgot4" time="2.593"/>
  <testcase classname="tests.ForgotPassTest" name="forgot5" time="2.717"/>
  <testcase classname="tests.ForgotPassTest" name="forgot6" time="2.493"/>
  <testcase classname="tests.ForgotPassTest" name="forgot7" time="2.541"/>
  <testcase classname="tests.ResetPassword" name="resetpassword" time="2.487"/>
  <testcase classname="tests.ResetPassword" name="resetpassword1" time="2.373"/>
  <testcase classname="tests.ResetPassword" name="resetpassword2" time="1.908"/>
  <testcase classname="tests.ResetPassword" name="resetpassword3" time="2.58"/>
</testsuite> <!-- tests -->
